<?xml version="1.0" encoding="UTF-8"?>
<!-- Generated by org.testng.reporters.JUnitReportReporter -->
<testsuite hostname="DESKTOP-GN0ND8F" failures="0" tests="1" name="pojo.Vt_Class5" time="62.496" errors="0" timestamp="2023-03-17T12:53:23 IST" skipped="0">
  <testcase classname="pojo.Vt_Class5" name="VTselectnewpaymentmethod" time="62.496"/>
  <system-out/>
</testsuite> <!-- pojo.Vt_Class5 -->
