<?xml version="1.0" encoding="UTF-8"?>
<!-- Generated by org.testng.reporters.JUnitReportReporter -->
<testsuite hostname="DESKTOP-GN0ND8F" failures="0" tests="1" name="pojo.Vt_Class4" time="138.527" errors="0" timestamp="2023-02-24T17:31:30 IST" skipped="0">
  <testcase classname="pojo.Vt_Class4" name="VTselectnewpaymentmethod" time="138.527"/>
  <system-out/>
</testsuite> <!-- pojo.Vt_Class4 -->
