<?xml version="1.0" encoding="UTF-8"?>
<!-- Generated by org.testng.reporters.JUnitReportReporter -->
<testsuite hostname="DESKTOP-GN0ND8F" failures="0" tests="1" name="pojo.SeleniumTest" time="36.785" errors="0" timestamp="2023-02-03T13:06:47 IST" skipped="0">
  <testcase classname="pojo.SeleniumTest" name="launchBrowser" time="36.785"/>
  <system-out/>
</testsuite> <!-- pojo.SeleniumTest -->
