<?xml version="1.0" encoding="UTF-8"?>
<!-- Generated by org.testng.reporters.JUnitReportReporter -->
<testsuite hostname="DESKTOP-GN0ND8F" failures="0" tests="1" name="pojo.VTclass" time="23.673" errors="0" timestamp="2023-02-06T20:55:43 IST" skipped="0">
  <testcase classname="pojo.VTclass" name="selectNewPaymentMethod" time="23.673"/>
  <system-out/>
</testsuite> <!-- pojo.VTclass -->
