<?xml version="1.0" encoding="UTF-8"?>
<!-- Generated by org.testng.reporters.JUnitReportReporter -->
<testsuite hostname="DESKTOP-GN0ND8F" failures="0" tests="1" name="pojo.Vt_Class" time="13.069" errors="0" timestamp="2023-02-21T18:04:40 IST" skipped="0">
  <testcase classname="pojo.Vt_Class" name="VTselectnewpaymentmethod" time="13.069"/>
  <system-out/>
</testsuite> <!-- pojo.Vt_Class -->
